# JRE version: Java(TM) SE Runtime Environment (8.0_172-b11) (build 1.8.0_172-b11)
# Java VM: Java HotSpot(TM) 64-Bit Server VM (25.172-b11 mixed mode windows-amd64 compressed oops)
Heap:
 PSYoungGen      total 37376K, used 16683K [0x00000000e1b80000, 0x00000000e4e80000, 0x0000000100000000)
  eden space 33792K, 49% used [0x00000000e1b80000,0x00000000e2bcac40,0x00000000e3c80000)
  from space 3584K, 0% used [0x00000000e4b00000,0x00000000e4b00000,0x00000000e4e80000)
  to   space 3584K, 0% used [0x00000000e4780000,0x00000000e4780000,0x00000000e4b00000)
 ParOldGen       total 131584K, used 36347K [0x00000000a5200000, 0x00000000ad280000, 0x00000000e1b80000)
  object space 131584K, 27% used [0x00000000a5200000,0x00000000a757eed8,0x00000000ad280000)
 Metaspace       used 18471K, capacity 18708K, committed 19072K, reserved 1067008K
  class space    used 2256K, capacity 2332K, committed 2432K, reserved 1048576K
GC Heap History (10 events):
Event: 3.702 GC heap before
{Heap before GC invocations=2 (full 0):
 PSYoungGen      total 27648K, used 27399K [0x00000000e1b80000, 0x00000000e5180000, 0x0000000100000000)
  eden space 24064K, 100% used [0x00000000e1b80000,0x00000000e3300000,0x00000000e3300000)
  from space 3584K, 93% used [0x00000000e3300000,0x00000000e3641f88,0x00000000e3680000)
  to   space 3584K, 0% used [0x00000000e4e00000,0x00000000e4e00000,0x00000000e5180000)
 ParOldGen       total 62976K, used 25718K [0x00000000a5200000, 0x00000000a8f80000, 0x00000000e1b80000)
  object space 62976K, 40% used [0x00000000a5200000,0x00000000a6b1d8d0,0x00000000a8f80000)
 Metaspace       used 12759K, capacity 12998K, committed 13312K, reserved 1060864K
  class space    used 1624K, capacity 1709K, committed 1792K, reserved 1048576K
Event: 3.723 GC heap after
Heap after GC invocations=2 (full 0):
 PSYoungGen      total 27648K, used 3570K [0x00000000e1b80000, 0x00000000e5180000, 0x0000000100000000)
  eden space 24064K, 0% used [0x00000000e1b80000,0x00000000e1b80000,0x00000000e3300000)
  from space 3584K, 99% used [0x00000000e4e00000,0x00000000e517cbc8,0x00000000e5180000)
  to   space 3584K, 0% used [0x00000000e3300000,0x00000000e3300000,0x00000000e3680000)
 ParOldGen       total 62976K, used 49673K [0x00000000a5200000, 0x00000000a8f80000, 0x00000000e1b80000)
  object space 62976K, 78% used [0x00000000a5200000,0x00000000a8282790,0x00000000a8f80000)
 Metaspace       used 12759K, capacity 12998K, committed 13312K, reserved 1060864K
  class space    used 1624K, capacity 1709K, committed 1792K, reserved 1048576K
}
Event: 3.723 GC heap before
{Heap before GC invocations=3 (full 1):
 PSYoungGen      total 27648K, used 3570K [0x00000000e1b80000, 0x00000000e5180000, 0x0000000100000000)
  eden space 24064K, 0% used [0x00000000e1b80000,0x00000000e1b80000,0x00000000e3300000)
  from space 3584K, 99% used [0x00000000e4e00000,0x00000000e517cbc8,0x00000000e5180000)
  to   space 3584K, 0% used [0x00000000e3300000,0x00000000e3300000,0x00000000e3680000)
 ParOldGen       total 62976K, used 49673K [0x00000000a5200000, 0x00000000a8f80000, 0x00000000e1b80000)
  object space 62976K, 78% used [0x00000000a5200000,0x00000000a8282790,0x00000000a8f80000)
 Metaspace       used 12759K, capacity 12998K, committed 13312K, reserved 1060864K
  class space    used 1624K, capacity 1709K, committed 1792K, reserved 1048576K
Event: 3.762 GC heap after
Heap after GC invocations=3 (full 1):
 PSYoungGen      total 27648K, used 0K [0x00000000e1b80000, 0x00000000e5180000, 0x0000000100000000)
  eden space 24064K, 0% used [0x00000000e1b80000,0x00000000e1b80000,0x00000000e3300000)
  from space 3584K, 0% used [0x00000000e4e00000,0x00000000e4e00000,0x00000000e5180000)
  to   space 3584K, 0% used [0x00000000e3300000,0x00000000e3300000,0x00000000e3680000)
 ParOldGen       total 84992K, used 21670K [0x00000000a5200000, 0x00000000aa500000, 0x00000000e1b80000)
  object space 84992K, 25% used [0x00000000a5200000,0x00000000a6729aa0,0x00000000aa500000)
 Metaspace       used 12759K, capacity 12998K, committed 13312K, reserved 1060864K
  class space    used 1624K, capacity 1709K, committed 1792K, reserved 1048576K
}
Event: 20.504 GC heap before
{Heap before GC invocations=4 (full 1):
 PSYoungGen      total 27648K, used 24064K [0x00000000e1b80000, 0x00000000e5180000, 0x0000000100000000)
  eden space 24064K, 100% used [0x00000000e1b80000,0x00000000e3300000,0x00000000e3300000)
  from space 3584K, 0% used [0x00000000e4e00000,0x00000000e4e00000,0x00000000e5180000)
  to   space 3584K, 0% used [0x00000000e3300000,0x00000000e3300000,0x00000000e3680000)
 ParOldGen       total 84992K, used 21670K [0x00000000a5200000, 0x00000000aa500000, 0x00000000e1b80000)
  object space 84992K, 25% used [0x00000000a5200000,0x00000000a6729aa0,0x00000000aa500000)
 Metaspace       used 16567K, capacity 16760K, committed 17024K, reserved 1064960K
  class space    used 1994K, capacity 2063K, committed 2176K, reserved 1048576K
Event: 20.511 GC heap after
Heap after GC invocations=4 (full 1):
 PSYoungGen      total 27648K, used 3558K [0x00000000e1b80000, 0x00000000e4e80000, 0x0000000100000000)
  eden space 24064K, 0% used [0x00000000e1b80000,0x00000000e1b80000,0x00000000e3300000)
  from space 3584K, 99% used [0x00000000e3300000,0x00000000e3679bb0,0x00000000e3680000)
  to   space 3584K, 0% used [0x00000000e4b00000,0x00000000e4b00000,0x00000000e4e80000)
 ParOldGen       total 84992K, used 27010K [0x00000000a5200000, 0x00000000aa500000, 0x00000000e1b80000)
  object space 84992K, 31% used [0x00000000a5200000,0x00000000a6c609c8,0x00000000aa500000)
 Metaspace       used 16567K, capacity 16760K, committed 17024K, reserved 1064960K
  class space    used 1994K, capacity 2063K, committed 2176K, reserved 1048576K
}
Event: 22.921 GC heap before
{Heap before GC invocations=5 (full 1):
 PSYoungGen      total 27648K, used 27609K [0x00000000e1b80000, 0x00000000e4e80000, 0x0000000100000000)
  eden space 24064K, 99% used [0x00000000e1b80000,0x00000000e32fca80,0x00000000e3300000)
  from space 3584K, 99% used [0x00000000e3300000,0x00000000e3679bb0,0x00000000e3680000)
  to   space 3584K, 0% used [0x00000000e4b00000,0x00000000e4b00000,0x00000000e4e80000)
 ParOldGen       total 84992K, used 27010K [0x00000000a5200000, 0x00000000aa500000, 0x00000000e1b80000)
  object space 84992K, 31% used [0x00000000a5200000,0x00000000a6c609c8,0x00000000aa500000)
 Metaspace       used 18055K, capacity 18388K, committed 18816K, reserved 1064960K
  class space    used 2232K, capacity 2332K, committed 2432K, reserved 1048576K
Event: 22.936 GC heap after
Heap after GC invocations=5 (full 1):
 PSYoungGen      total 37376K, used 3560K [0x00000000e1b80000, 0x00000000e4e80000, 0x0000000100000000)
  eden space 33792K, 0% used [0x00000000e1b80000,0x00000000e1b80000,0x00000000e3c80000)
  from space 3584K, 99% used [0x00000000e4b00000,0x00000000e4e7a020,0x00000000e4e80000)
  to   space 3584K, 0% used [0x00000000e4780000,0x00000000e4780000,0x00000000e4b00000)
 ParOldGen       total 84992K, used 59157K [0x00000000a5200000, 0x00000000aa500000, 0x00000000e1b80000)
  object space 84992K, 69% used [0x00000000a5200000,0x00000000a8bc5638,0x00000000aa500000)
 Metaspace       used 18055K, capacity 18388K, committed 18816K, reserved 1064960K
  class space    used 2232K, capacity 2332K, committed 2432K, reserved 1048576K
}
Event: 22.936 GC heap before
{Heap before GC invocations=6 (full 2):
 PSYoungGen      total 37376K, used 3560K [0x00000000e1b80000, 0x00000000e4e80000, 0x0000000100000000)
  eden space 33792K, 0% used [0x00000000e1b80000,0x00000000e1b80000,0x00000000e3c80000)
  from space 3584K, 99% used [0x00000000e4b00000,0x00000000e4e7a020,0x00000000e4e80000)
  to   space 3584K, 0% used [0x00000000e4780000,0x00000000e4780000,0x00000000e4b00000)
 ParOldGen       total 84992K, used 59157K [0x00000000a5200000, 0x00000000aa500000, 0x00000000e1b80000)
  object space 84992K, 69% used [0x00000000a5200000,0x00000000a8bc5638,0x00000000aa500000)
 Metaspace       used 18055K, capacity 18388K, committed 18816K, reserved 1064960K
  class space    used 2232K, capacity 2332K, committed 2432K, reserved 1048576K
Event: 22.982 GC heap after
Heap after GC invocations=6 (full 2):
 PSYoungGen      total 37376K, used 0K [0x00000000e1b80000, 0x00000000e4e80000, 0x0000000100000000)
  eden space 33792K, 0% used [0x00000000e1b80000,0x00000000e1b80000,0x00000000e3c80000)
  from space 3584K, 0% used [0x00000000e4b00000,0x00000000e4b00000,0x00000000e4e80000)
  to   space 3584K, 0% used [0x00000000e4780000,0x00000000e4780000,0x00000000e4b00000)
 ParOldGen       total 131584K, used 36347K [0x00000000a5200000, 0x00000000ad280000, 0x00000000e1b80000)
  object space 131584K, 27% used [0x00000000a5200000,0x00000000a757eed8,0x00000000ad280000)
 Metaspace       used 18055K, capacity 18388K, committed 18816K, reserved 1064960K
  class space    used 2232K, capacity 2332K, committed 2432K, reserved 1048576K
}

